[2020-08-30 18:35:27.249] [sharedprocess] [info] main {"machineId":"39f062a760ba061b60a77725f6ecab98dd8b92da7d3e343199ed638e077dc865","windowId":2}
[2020-08-30 18:35:27.276] [sharedprocess] [error] [File Watcher (node.js)] Error: ENOENT: no such file or directory, stat '/home/gravity/.config/Code/User/snippets'
[2020-08-30 18:35:31.187] [sharedprocess] [info] Installing extension: shan.code-settings-sync
[2020-08-30 18:35:31.778] [sharedprocess] [info] Downloaded extension: shan.code-settings-sync /home/gravity/.config/Code/CachedExtensionVSIXs/shan.code-settings-sync-3.4.3
[2020-08-30 18:35:31.874] [sharedprocess] [info] Extracted extension to /home/gravity/.vscode/extensions/.shan.code-settings-sync-3.4.3: shan.code-settings-sync
[2020-08-30 18:35:31.874] [sharedprocess] [info] Renamed to /home/gravity/.vscode/extensions/shan.code-settings-sync-3.4.3
[2020-08-30 18:35:31.874] [sharedprocess] [info] Installation completed. shan.code-settings-sync
[2020-08-30 18:35:31.881] [sharedprocess] [info] Extensions installed successfully: shan.code-settings-sync
[2020-08-30 18:36:07.263] [sharedprocess] [info] Starting to clean up unused language packs.
[2020-08-30 18:37:38.595] [sharedprocess] [info] Installing extension: thonymg.darkplusix
[2020-08-30 18:37:38.597] [sharedprocess] [info] Installing extension: jprestidge.theme-material-theme
[2020-08-30 18:37:38.598] [sharedprocess] [info] Installing extension: safin.techset
[2020-08-30 18:37:38.599] [sharedprocess] [info] Installing extension: ankitcode.firefly
[2020-08-30 18:37:38.601] [sharedprocess] [info] Installing extension: yurihs.sublime-vscode-theme
[2020-08-30 18:37:38.602] [sharedprocess] [info] Installing extension: tushortz.python-extended-snippets
[2020-08-30 18:37:38.603] [sharedprocess] [info] Installing extension: steoates.autoimport
[2020-08-30 18:37:38.606] [sharedprocess] [info] Installing extension: yummygum.city-lights-theme
[2020-08-30 18:37:38.609] [sharedprocess] [info] Installing extension: sdras.night-owl
[2020-08-30 18:37:38.617] [sharedprocess] [info] Installing extension: equinusocio.vsc-material-theme-icons
[2020-08-30 18:37:38.621] [sharedprocess] [info] Installing extension: aaron-bond.better-comments
[2020-08-30 18:37:38.625] [sharedprocess] [info] Installing extension: ritwickdey.liveserver
[2020-08-30 18:37:38.627] [sharedprocess] [info] Installing extension: equinusocio.vsc-material-theme
[2020-08-30 18:37:38.637] [sharedprocess] [info] Installing extension: esbenp.prettier-vscode
[2020-08-30 18:37:38.638] [sharedprocess] [info] Installing extension: lonefy.vscode-js-css-html-formatter
[2020-08-30 18:37:38.640] [sharedprocess] [info] Installing extension: redhat.java
[2020-08-30 18:37:38.664] [sharedprocess] [info] Installing extension: vscodevim.vim
[2020-08-30 18:37:38.675] [sharedprocess] [info] Installing extension: zhuangtongfa.material-theme
[2020-08-30 18:37:38.683] [sharedprocess] [info] Installing extension: kuanhulio.discord
[2020-08-30 18:37:38.686] [sharedprocess] [info] Installing extension: nash.awesome-flutter-snippets
[2020-08-30 18:37:38.714] [sharedprocess] [info] Installing extension: eliverlara.andromeda
[2020-08-30 18:37:38.716] [sharedprocess] [info] Installing extension: apollographql.vscode-apollo
[2020-08-30 18:37:38.717] [sharedprocess] [info] Installing extension: dart-code.flutter
[2020-08-30 18:37:38.766] [sharedprocess] [info] Installing extension: nikolaosgeorgiou.html-fmt-vscode
[2020-08-30 18:37:38.769] [sharedprocess] [info] Installing extension: marqu3s.aurora-x
[2020-08-30 18:37:38.773] [sharedprocess] [info] Installing extension: helgardrichard.helium-icon-theme
[2020-08-30 18:37:38.773] [sharedprocess] [info] Installing extension: handsomeone.8bit
[2020-08-30 18:37:38.774] [sharedprocess] [info] Installing extension: eserozvataf.one-dark-pro-monokai-darker
[2020-08-30 18:37:38.775] [sharedprocess] [info] Installing extension: monokai.theme-monokai-pro-vscode
[2020-08-30 18:37:38.776] [sharedprocess] [info] Installing extension: mrpbennett.atlantic-night
[2020-08-30 18:37:38.778] [sharedprocess] [info] Installing extension: formulahendry.auto-rename-tag
[2020-08-30 18:37:38.778] [sharedprocess] [info] Installing extension: formulahendry.auto-complete-tag
[2020-08-30 18:37:38.779] [sharedprocess] [info] Installing extension: austin.code-gnu-global
[2020-08-30 18:37:38.780] [sharedprocess] [info] Installing extension: ritwickdey.live-sass
[2020-08-30 18:37:38.782] [sharedprocess] [info] Installing extension: equinusocio.vsc-community-material-theme
[2020-08-30 18:37:38.783] [sharedprocess] [info] Installing extension: formulahendry.auto-close-tag
[2020-08-30 18:37:38.783] [sharedprocess] [info] Installing extension: jolaleye.horizon-theme-vscode
[2020-08-30 18:37:38.784] [sharedprocess] [info] Installing extension: ecmel.vscode-html-css
[2020-08-30 18:37:38.787] [sharedprocess] [info] Installing extension: foxundermoon.shell-format
[2020-08-30 18:37:38.788] [sharedprocess] [info] Installing extension: pkief.material-icon-theme
[2020-08-30 18:37:38.789] [sharedprocess] [info] Installing extension: ms-vscode.cpptools
[2020-08-30 18:37:38.789] [sharedprocess] [info] Installing extension: ms-dotnettools.csharp
[2020-08-30 18:37:38.791] [sharedprocess] [info] Installing extension: formulahendry.code-runner
[2020-08-30 18:37:38.793] [sharedprocess] [info] Installing extension: hookyqr.beautify
[2020-08-30 18:37:38.794] [sharedprocess] [info] Installing extension: golang.go
[2020-08-30 18:37:38.795] [sharedprocess] [info] Installing extension: icrawl.discord-vscode
[2020-08-30 18:37:38.797] [sharedprocess] [info] Installing extension: dart-code.dart-code
[2020-08-30 18:37:38.808] [sharedprocess] [info] Installing extension: ms-python.python
[2020-08-30 18:37:38.812] [sharedprocess] [info] Installing extension: jeff-hykin.better-cpp-syntax
[2020-08-30 18:37:38.822] [sharedprocess] [info] Installing extension: ms-vsliveshare.vsliveshare
[2020-08-30 18:37:39.162] [sharedprocess] [info] Downloaded extension: esbenp.prettier-vscode /home/gravity/.config/Code/CachedExtensionVSIXs/esbenp.prettier-vscode-5.5.0
[2020-08-30 18:37:39.228] [sharedprocess] [info] Downloaded extension: vscodevim.vim /home/gravity/.config/Code/CachedExtensionVSIXs/vscodevim.vim-1.16.0
[2020-08-30 18:37:39.261] [sharedprocess] [info] Extracted extension to /home/gravity/.vscode/extensions/.vscodevim.vim-1.16.0: vscodevim.vim
[2020-08-30 18:37:39.261] [sharedprocess] [info] Renamed to /home/gravity/.vscode/extensions/vscodevim.vim-1.16.0
[2020-08-30 18:37:39.262] [sharedprocess] [info] Installation completed. vscodevim.vim
[2020-08-30 18:37:39.267] [sharedprocess] [info] Extensions installed successfully: vscodevim.vim
[2020-08-30 18:37:39.278] [sharedprocess] [info] Extracted extension to /home/gravity/.vscode/extensions/.esbenp.prettier-vscode-5.5.0: esbenp.prettier-vscode
[2020-08-30 18:37:39.278] [sharedprocess] [info] Renamed to /home/gravity/.vscode/extensions/esbenp.prettier-vscode-5.5.0
[2020-08-30 18:37:39.279] [sharedprocess] [info] Installation completed. esbenp.prettier-vscode
[2020-08-30 18:37:39.286] [sharedprocess] [info] Extensions installed successfully: esbenp.prettier-vscode
[2020-08-30 18:37:39.337] [sharedprocess] [info] Downloaded extension: ritwickdey.live-sass /home/gravity/.config/Code/CachedExtensionVSIXs/ritwickdey.live-sass-3.0.0
[2020-08-30 18:37:39.349] [sharedprocess] [info] Downloaded extension: aaron-bond.better-comments /home/gravity/.config/Code/CachedExtensionVSIXs/aaron-bond.better-comments-2.1.0
[2020-08-30 18:37:39.353] [sharedprocess] [info] Downloaded extension: ritwickdey.liveserver /home/gravity/.config/Code/CachedExtensionVSIXs/ritwickdey.liveserver-5.6.1
[2020-08-30 18:37:39.369] [sharedprocess] [info] Extracted extension to /home/gravity/.vscode/extensions/.aaron-bond.better-comments-2.1.0: aaron-bond.better-comments
[2020-08-30 18:37:39.369] [sharedprocess] [info] Renamed to /home/gravity/.vscode/extensions/aaron-bond.better-comments-2.1.0
[2020-08-30 18:37:39.370] [sharedprocess] [info] Installation completed. aaron-bond.better-comments
[2020-08-30 18:37:39.378] [sharedprocess] [info] Extensions installed successfully: aaron-bond.better-comments
[2020-08-30 18:37:39.541] [sharedprocess] [info] Downloaded extension: ms-dotnettools.csharp /home/gravity/.config/Code/CachedExtensionVSIXs/ms-dotnettools.csharp-1.23.1
[2020-08-30 18:37:39.549] [sharedprocess] [info] Downloaded extension: equinusocio.vsc-community-material-theme /home/gravity/.config/Code/CachedExtensionVSIXs/equinusocio.vsc-community-material-theme-1.4.2
[2020-08-30 18:37:39.628] [sharedprocess] [info] Extracted extension to /home/gravity/.vscode/extensions/.equinusocio.vsc-community-material-theme-1.4.2: equinusocio.vsc-community-material-theme
[2020-08-30 18:37:39.629] [sharedprocess] [info] Renamed to /home/gravity/.vscode/extensions/equinusocio.vsc-community-material-theme-1.4.2
[2020-08-30 18:37:39.631] [sharedprocess] [info] Installation completed. equinusocio.vsc-community-material-theme
[2020-08-30 18:37:39.647] [sharedprocess] [info] Extensions installed successfully: equinusocio.vsc-community-material-theme
[2020-08-30 18:37:39.670] [sharedprocess] [info] Extracted extension to /home/gravity/.vscode/extensions/.ms-dotnettools.csharp-1.23.1: ms-dotnettools.csharp
[2020-08-30 18:37:39.670] [sharedprocess] [info] Renamed to /home/gravity/.vscode/extensions/ms-dotnettools.csharp-1.23.1
[2020-08-30 18:37:39.673] [sharedprocess] [info] Installation completed. ms-dotnettools.csharp
[2020-08-30 18:37:39.690] [sharedprocess] [info] Extensions installed successfully: ms-dotnettools.csharp
[2020-08-30 18:37:39.702] [sharedprocess] [info] Downloaded extension: safin.techset /home/gravity/.config/Code/CachedExtensionVSIXs/safin.techset-2.0.2
[2020-08-30 18:37:39.709] [sharedprocess] [info] Downloaded extension: thonymg.darkplusix /home/gravity/.config/Code/CachedExtensionVSIXs/thonymg.darkplusix-1.1.2
[2020-08-30 18:37:39.732] [sharedprocess] [info] Downloaded extension: tushortz.python-extended-snippets /home/gravity/.config/Code/CachedExtensionVSIXs/tushortz.python-extended-snippets-0.0.1
[2020-08-30 18:37:39.735] [sharedprocess] [info] Downloaded extension: equinusocio.vsc-material-theme /home/gravity/.config/Code/CachedExtensionVSIXs/equinusocio.vsc-material-theme-32.8.0
[2020-08-30 18:37:39.740] [sharedprocess] [info] Downloaded extension: equinusocio.vsc-material-theme-icons /home/gravity/.config/Code/CachedExtensionVSIXs/equinusocio.vsc-material-theme-icons-1.2.0
[2020-08-30 18:37:39.740] [sharedprocess] [info] Downloaded extension: yurihs.sublime-vscode-theme /home/gravity/.config/Code/CachedExtensionVSIXs/yurihs.sublime-vscode-theme-1.3.0
[2020-08-30 18:37:39.750] [sharedprocess] [info] Downloaded extension: jprestidge.theme-material-theme /home/gravity/.config/Code/CachedExtensionVSIXs/jprestidge.theme-material-theme-1.0.1
[2020-08-30 18:37:39.803] [sharedprocess] [info] Extracted extension to /home/gravity/.vscode/extensions/.thonymg.darkplusix-1.1.2: thonymg.darkplusix
[2020-08-30 18:37:39.803] [sharedprocess] [info] Renamed to /home/gravity/.vscode/extensions/thonymg.darkplusix-1.1.2
[2020-08-30 18:37:39.806] [sharedprocess] [info] Installation completed. thonymg.darkplusix
[2020-08-30 18:37:39.813] [sharedprocess] [info] Extensions installed successfully: thonymg.darkplusix
[2020-08-30 18:37:39.823] [sharedprocess] [info] Extracted extension to /home/gravity/.vscode/extensions/.yurihs.sublime-vscode-theme-1.3.0: yurihs.sublime-vscode-theme
[2020-08-30 18:37:39.823] [sharedprocess] [info] Renamed to /home/gravity/.vscode/extensions/yurihs.sublime-vscode-theme-1.3.0
[2020-08-30 18:37:39.827] [sharedprocess] [info] Installation completed. yurihs.sublime-vscode-theme
[2020-08-30 18:37:39.856] [sharedprocess] [info] Extensions installed successfully: yurihs.sublime-vscode-theme
[2020-08-30 18:37:39.858] [sharedprocess] [info] Extracted extension to /home/gravity/.vscode/extensions/.jprestidge.theme-material-theme-1.0.1: jprestidge.theme-material-theme
[2020-08-30 18:37:39.862] [sharedprocess] [info] Renamed to /home/gravity/.vscode/extensions/jprestidge.theme-material-theme-1.0.1
[2020-08-30 18:37:39.863] [sharedprocess] [info] Downloaded extension: dart-code.flutter /home/gravity/.config/Code/CachedExtensionVSIXs/dart-code.flutter-3.13.2
[2020-08-30 18:37:39.863] [sharedprocess] [info] Downloaded extension: yummygum.city-lights-theme /home/gravity/.config/Code/CachedExtensionVSIXs/yummygum.city-lights-theme-1.1.8
[2020-08-30 18:37:39.865] [sharedprocess] [info] Downloaded extension: nikolaosgeorgiou.html-fmt-vscode /home/gravity/.config/Code/CachedExtensionVSIXs/nikolaosgeorgiou.html-fmt-vscode-0.6.0
[2020-08-30 18:37:39.865] [sharedprocess] [info] Downloaded extension: zhuangtongfa.material-theme /home/gravity/.config/Code/CachedExtensionVSIXs/zhuangtongfa.material-theme-3.8.7
[2020-08-30 18:37:39.866] [sharedprocess] [info] Installation completed. jprestidge.theme-material-theme
[2020-08-30 18:37:39.866] [sharedprocess] [info] Extracted extension to /home/gravity/.vscode/extensions/.safin.techset-2.0.2: safin.techset
[2020-08-30 18:37:39.867] [sharedprocess] [info] Renamed to /home/gravity/.vscode/extensions/safin.techset-2.0.2
[2020-08-30 18:37:39.869] [sharedprocess] [info] Installation completed. safin.techset
[2020-08-30 18:37:39.872] [sharedprocess] [info] Extensions installed successfully: jprestidge.theme-material-theme
[2020-08-30 18:37:39.875] [sharedprocess] [info] Extensions installed successfully: safin.techset
[2020-08-30 18:37:39.897] [sharedprocess] [info] Downloaded extension: eliverlara.andromeda /home/gravity/.config/Code/CachedExtensionVSIXs/eliverlara.andromeda-1.7.0
[2020-08-30 18:37:39.899] [sharedprocess] [info] Extracted extension to /home/gravity/.vscode/extensions/.tushortz.python-extended-snippets-0.0.1: tushortz.python-extended-snippets
[2020-08-30 18:37:39.899] [sharedprocess] [info] Renamed to /home/gravity/.vscode/extensions/tushortz.python-extended-snippets-0.0.1
[2020-08-30 18:37:39.900] [sharedprocess] [info] Extracted extension to /home/gravity/.vscode/extensions/.yummygum.city-lights-theme-1.1.8: yummygum.city-lights-theme
[2020-08-30 18:37:39.900] [sharedprocess] [info] Renamed to /home/gravity/.vscode/extensions/yummygum.city-lights-theme-1.1.8
[2020-08-30 18:37:39.903] [sharedprocess] [info] Installation completed. tushortz.python-extended-snippets
[2020-08-30 18:37:39.905] [sharedprocess] [info] Installation completed. yummygum.city-lights-theme
[2020-08-30 18:37:39.912] [sharedprocess] [info] Extensions installed successfully: tushortz.python-extended-snippets
[2020-08-30 18:37:39.915] [sharedprocess] [info] Extensions installed successfully: yummygum.city-lights-theme
[2020-08-30 18:37:39.916] [sharedprocess] [info] Extracted extension to /home/gravity/.vscode/extensions/.dart-code.flutter-3.13.2: dart-code.flutter
[2020-08-30 18:37:39.917] [sharedprocess] [info] Renamed to /home/gravity/.vscode/extensions/dart-code.flutter-3.13.2
[2020-08-30 18:37:39.919] [sharedprocess] [info] Installation completed. dart-code.flutter
[2020-08-30 18:37:39.960] [sharedprocess] [info] Downloaded extension: handsomeone.8bit /home/gravity/.config/Code/CachedExtensionVSIXs/handsomeone.8bit-0.1.3
[2020-08-30 18:37:39.994] [sharedprocess] [info] Extracted extension to /home/gravity/.vscode/extensions/.nikolaosgeorgiou.html-fmt-vscode-0.6.0: nikolaosgeorgiou.html-fmt-vscode
[2020-08-30 18:37:39.995] [sharedprocess] [info] Renamed to /home/gravity/.vscode/extensions/nikolaosgeorgiou.html-fmt-vscode-0.6.0
[2020-08-30 18:37:39.998] [sharedprocess] [info] Installation completed. nikolaosgeorgiou.html-fmt-vscode
[2020-08-30 18:37:39.998] [sharedprocess] [info] Extracted extension to /home/gravity/.vscode/extensions/.eliverlara.andromeda-1.7.0: eliverlara.andromeda
[2020-08-30 18:37:40.004] [sharedprocess] [info] Renamed to /home/gravity/.vscode/extensions/eliverlara.andromeda-1.7.0
[2020-08-30 18:37:40.006] [sharedprocess] [info] Extracted extension to /home/gravity/.vscode/extensions/.handsomeone.8bit-0.1.3: handsomeone.8bit
[2020-08-30 18:37:40.007] [sharedprocess] [info] Renamed to /home/gravity/.vscode/extensions/handsomeone.8bit-0.1.3
[2020-08-30 18:37:40.008] [sharedprocess] [info] Installation completed. eliverlara.andromeda
[2020-08-30 18:37:40.009] [sharedprocess] [info] Installation completed. handsomeone.8bit
[2020-08-30 18:37:40.011] [sharedprocess] [info] Extensions installed successfully: nikolaosgeorgiou.html-fmt-vscode
[2020-08-30 18:37:40.014] [sharedprocess] [info] Extensions installed successfully: handsomeone.8bit
[2020-08-30 18:37:40.015] [sharedprocess] [info] Extensions installed successfully: eliverlara.andromeda
[2020-08-30 18:37:40.017] [sharedprocess] [info] Downloaded extension: formulahendry.auto-complete-tag /home/gravity/.config/Code/CachedExtensionVSIXs/formulahendry.auto-complete-tag-0.1.0
[2020-08-30 18:37:40.042] [sharedprocess] [info] Extracted extension to /home/gravity/.vscode/extensions/.formulahendry.auto-complete-tag-0.1.0: formulahendry.auto-complete-tag
[2020-08-30 18:37:40.042] [sharedprocess] [info] Renamed to /home/gravity/.vscode/extensions/formulahendry.auto-complete-tag-0.1.0
[2020-08-30 18:37:40.043] [sharedprocess] [info] Installation completed. formulahendry.auto-complete-tag
[2020-08-30 18:37:40.062] [sharedprocess] [info] Downloaded extension: monokai.theme-monokai-pro-vscode /home/gravity/.config/Code/CachedExtensionVSIXs/monokai.theme-monokai-pro-vscode-1.1.17
[2020-08-30 18:37:40.063] [sharedprocess] [info] Downloaded extension: nash.awesome-flutter-snippets /home/gravity/.config/Code/CachedExtensionVSIXs/nash.awesome-flutter-snippets-2.0.4
[2020-08-30 18:37:40.114] [sharedprocess] [info] Extracted extension to /home/gravity/.vscode/extensions/.nash.awesome-flutter-snippets-2.0.4: nash.awesome-flutter-snippets
[2020-08-30 18:37:40.114] [sharedprocess] [info] Renamed to /home/gravity/.vscode/extensions/nash.awesome-flutter-snippets-2.0.4
[2020-08-30 18:37:40.116] [sharedprocess] [info] Installation completed. nash.awesome-flutter-snippets
[2020-08-30 18:37:40.123] [sharedprocess] [info] Extensions installed successfully: nash.awesome-flutter-snippets
[2020-08-30 18:37:40.151] [sharedprocess] [info] Downloaded extension: lonefy.vscode-js-css-html-formatter /home/gravity/.config/Code/CachedExtensionVSIXs/lonefy.vscode-js-css-html-formatter-0.2.3
[2020-08-30 18:37:40.189] [sharedprocess] [info] Extracted extension to /home/gravity/.vscode/extensions/.equinusocio.vsc-material-theme-32.8.0: equinusocio.vsc-material-theme
[2020-08-30 18:37:40.189] [sharedprocess] [info] Renamed to /home/gravity/.vscode/extensions/equinusocio.vsc-material-theme-32.8.0
[2020-08-30 18:37:40.191] [sharedprocess] [info] Extracted extension to /home/gravity/.vscode/extensions/.monokai.theme-monokai-pro-vscode-1.1.17: monokai.theme-monokai-pro-vscode
[2020-08-30 18:37:40.191] [sharedprocess] [info] Renamed to /home/gravity/.vscode/extensions/monokai.theme-monokai-pro-vscode-1.1.17
[2020-08-30 18:37:40.191] [sharedprocess] [info] Installation completed. equinusocio.vsc-material-theme
[2020-08-30 18:37:40.193] [sharedprocess] [info] Installation completed. monokai.theme-monokai-pro-vscode
[2020-08-30 18:37:40.202] [sharedprocess] [info] Extensions installed successfully: monokai.theme-monokai-pro-vscode
[2020-08-30 18:37:40.298] [sharedprocess] [info] Downloaded extension: foxundermoon.shell-format /home/gravity/.config/Code/CachedExtensionVSIXs/foxundermoon.shell-format-7.0.1
[2020-08-30 18:37:40.304] [sharedprocess] [info] Downloaded extension: austin.code-gnu-global /home/gravity/.config/Code/CachedExtensionVSIXs/austin.code-gnu-global-0.2.2
[2020-08-30 18:37:40.397] [sharedprocess] [info] Extracted extension to /home/gravity/.vscode/extensions/.foxundermoon.shell-format-7.0.1: foxundermoon.shell-format
[2020-08-30 18:37:40.398] [sharedprocess] [info] Renamed to /home/gravity/.vscode/extensions/foxundermoon.shell-format-7.0.1
[2020-08-30 18:37:40.400] [sharedprocess] [info] Installation completed. foxundermoon.shell-format
[2020-08-30 18:37:40.421] [sharedprocess] [info] Extensions installed successfully: foxundermoon.shell-format
[2020-08-30 18:37:40.428] [sharedprocess] [info] Downloaded extension: icrawl.discord-vscode /home/gravity/.config/Code/CachedExtensionVSIXs/icrawl.discord-vscode-4.0.0
[2020-08-30 18:37:40.449] [sharedprocess] [info] Extracted extension to /home/gravity/.vscode/extensions/.zhuangtongfa.material-theme-3.8.7: zhuangtongfa.material-theme
[2020-08-30 18:37:40.449] [sharedprocess] [info] Renamed to /home/gravity/.vscode/extensions/zhuangtongfa.material-theme-3.8.7
[2020-08-30 18:37:40.452] [sharedprocess] [info] Installation completed. zhuangtongfa.material-theme
[2020-08-30 18:37:40.457] [sharedprocess] [info] Extensions installed successfully: zhuangtongfa.material-theme
[2020-08-30 18:37:40.471] [sharedprocess] [info] Extracted extension to /home/gravity/.vscode/extensions/.icrawl.discord-vscode-4.0.0: icrawl.discord-vscode
[2020-08-30 18:37:40.471] [sharedprocess] [info] Renamed to /home/gravity/.vscode/extensions/icrawl.discord-vscode-4.0.0
[2020-08-30 18:37:40.475] [sharedprocess] [info] Installation completed. icrawl.discord-vscode
[2020-08-30 18:37:40.482] [sharedprocess] [info] Downloaded extension: sdras.night-owl /home/gravity/.config/Code/CachedExtensionVSIXs/sdras.night-owl-1.1.3
[2020-08-30 18:37:40.485] [sharedprocess] [info] Extensions installed successfully: icrawl.discord-vscode
[2020-08-30 18:37:40.520] [sharedprocess] [info] Extracted extension to /home/gravity/.vscode/extensions/.austin.code-gnu-global-0.2.2: austin.code-gnu-global
[2020-08-30 18:37:40.521] [sharedprocess] [info] Renamed to /home/gravity/.vscode/extensions/austin.code-gnu-global-0.2.2
[2020-08-30 18:37:40.523] [sharedprocess] [info] Installation completed. austin.code-gnu-global
[2020-08-30 18:37:40.529] [sharedprocess] [info] Extensions installed successfully: austin.code-gnu-global
[2020-08-30 18:37:40.546] [sharedprocess] [info] Downloaded extension: helgardrichard.helium-icon-theme /home/gravity/.config/Code/CachedExtensionVSIXs/helgardrichard.helium-icon-theme-1.0.0
[2020-08-30 18:37:40.590] [sharedprocess] [info] Downloaded extension: formulahendry.auto-close-tag /home/gravity/.config/Code/CachedExtensionVSIXs/formulahendry.auto-close-tag-0.5.8
[2020-08-30 18:37:40.599] [sharedprocess] [info] Downloaded extension: formulahendry.code-runner /home/gravity/.config/Code/CachedExtensionVSIXs/formulahendry.code-runner-0.11.0
[2020-08-30 18:37:40.599] [sharedprocess] [info] Downloaded extension: formulahendry.auto-rename-tag /home/gravity/.config/Code/CachedExtensionVSIXs/formulahendry.auto-rename-tag-0.1.4
[2020-08-30 18:37:40.656] [sharedprocess] [info] Downloaded extension: jolaleye.horizon-theme-vscode /home/gravity/.config/Code/CachedExtensionVSIXs/jolaleye.horizon-theme-vscode-2.0.2
[2020-08-30 18:37:40.662] [sharedprocess] [info] Downloaded extension: pkief.material-icon-theme /home/gravity/.config/Code/CachedExtensionVSIXs/pkief.material-icon-theme-4.2.0
[2020-08-30 18:37:40.695] [sharedprocess] [info] Downloaded extension: ecmel.vscode-html-css /home/gravity/.config/Code/CachedExtensionVSIXs/ecmel.vscode-html-css-0.2.3
[2020-08-30 18:37:40.726] [sharedprocess] [info] Extracted extension to /home/gravity/.vscode/extensions/.sdras.night-owl-1.1.3: sdras.night-owl
[2020-08-30 18:37:40.726] [sharedprocess] [info] Renamed to /home/gravity/.vscode/extensions/sdras.night-owl-1.1.3
[2020-08-30 18:37:40.729] [sharedprocess] [info] Installation completed. sdras.night-owl
[2020-08-30 18:37:40.732] [sharedprocess] [info] Extracted extension to /home/gravity/.vscode/extensions/.formulahendry.auto-close-tag-0.5.8: formulahendry.auto-close-tag
[2020-08-30 18:37:40.733] [sharedprocess] [info] Renamed to /home/gravity/.vscode/extensions/formulahendry.auto-close-tag-0.5.8
[2020-08-30 18:37:40.735] [sharedprocess] [info] Installation completed. formulahendry.auto-close-tag
[2020-08-30 18:37:40.736] [sharedprocess] [info] Extensions installed successfully: sdras.night-owl
[2020-08-30 18:37:40.751] [sharedprocess] [info] Extensions installed successfully: formulahendry.auto-close-tag
[2020-08-30 18:37:40.752] [sharedprocess] [info] Downloaded extension: ankitcode.firefly /home/gravity/.config/Code/CachedExtensionVSIXs/ankitcode.firefly-3.0.1
[2020-08-30 18:37:40.756] [sharedprocess] [info] Extracted extension to /home/gravity/.vscode/extensions/.formulahendry.auto-rename-tag-0.1.4: formulahendry.auto-rename-tag
[2020-08-30 18:37:40.757] [sharedprocess] [info] Renamed to /home/gravity/.vscode/extensions/formulahendry.auto-rename-tag-0.1.4
[2020-08-30 18:37:40.758] [sharedprocess] [info] Installation completed. formulahendry.auto-rename-tag
[2020-08-30 18:37:40.764] [sharedprocess] [info] Extensions installed successfully: formulahendry.auto-rename-tag
[2020-08-30 18:37:40.764] [sharedprocess] [info] Extensions installed successfully: formulahendry.auto-complete-tag
[2020-08-30 18:37:40.783] [sharedprocess] [info] Extracted extension to /home/gravity/.vscode/extensions/.ecmel.vscode-html-css-0.2.3: ecmel.vscode-html-css
[2020-08-30 18:37:40.783] [sharedprocess] [info] Renamed to /home/gravity/.vscode/extensions/ecmel.vscode-html-css-0.2.3
[2020-08-30 18:37:40.785] [sharedprocess] [info] Installation completed. ecmel.vscode-html-css
[2020-08-30 18:37:40.791] [sharedprocess] [info] Extensions installed successfully: ecmel.vscode-html-css
[2020-08-30 18:37:40.806] [sharedprocess] [info] Extracted extension to /home/gravity/.vscode/extensions/.jolaleye.horizon-theme-vscode-2.0.2: jolaleye.horizon-theme-vscode
[2020-08-30 18:37:40.807] [sharedprocess] [info] Renamed to /home/gravity/.vscode/extensions/jolaleye.horizon-theme-vscode-2.0.2
[2020-08-30 18:37:40.810] [sharedprocess] [info] Installation completed. jolaleye.horizon-theme-vscode
[2020-08-30 18:37:40.821] [sharedprocess] [info] Extensions installed successfully: jolaleye.horizon-theme-vscode
[2020-08-30 18:37:40.827] [sharedprocess] [info] Downloaded extension: mrpbennett.atlantic-night /home/gravity/.config/Code/CachedExtensionVSIXs/mrpbennett.atlantic-night-1.22.0
[2020-08-30 18:37:40.833] [sharedprocess] [info] Downloaded extension: marqu3s.aurora-x /home/gravity/.config/Code/CachedExtensionVSIXs/marqu3s.aurora-x-2.0.2
[2020-08-30 18:37:40.868] [sharedprocess] [info] Downloaded extension: hookyqr.beautify /home/gravity/.config/Code/CachedExtensionVSIXs/hookyqr.beautify-1.5.0
[2020-08-30 18:37:40.895] [sharedprocess] [info] Extracted extension to /home/gravity/.vscode/extensions/.marqu3s.aurora-x-2.0.2: marqu3s.aurora-x
[2020-08-30 18:37:40.896] [sharedprocess] [info] Renamed to /home/gravity/.vscode/extensions/marqu3s.aurora-x-2.0.2
[2020-08-30 18:37:40.898] [sharedprocess] [info] Installation completed. marqu3s.aurora-x
[2020-08-30 18:37:40.905] [sharedprocess] [info] Extensions installed successfully: marqu3s.aurora-x
[2020-08-30 18:37:40.951] [sharedprocess] [info] Extracted extension to /home/gravity/.vscode/extensions/.mrpbennett.atlantic-night-1.22.0: mrpbennett.atlantic-night
[2020-08-30 18:37:40.952] [sharedprocess] [info] Renamed to /home/gravity/.vscode/extensions/mrpbennett.atlantic-night-1.22.0
[2020-08-30 18:37:40.953] [sharedprocess] [info] Extracted extension to /home/gravity/.vscode/extensions/.ankitcode.firefly-3.0.1: ankitcode.firefly
[2020-08-30 18:37:40.953] [sharedprocess] [info] Renamed to /home/gravity/.vscode/extensions/ankitcode.firefly-3.0.1
[2020-08-30 18:37:40.953] [sharedprocess] [info] Installation completed. mrpbennett.atlantic-night
[2020-08-30 18:37:40.954] [sharedprocess] [info] Installation completed. ankitcode.firefly
[2020-08-30 18:37:40.960] [sharedprocess] [info] Extensions installed successfully: mrpbennett.atlantic-night
[2020-08-30 18:37:40.963] [sharedprocess] [info] Extensions installed successfully: ankitcode.firefly
[2020-08-30 18:37:40.965] [sharedprocess] [info] Extracted extension to /home/gravity/.vscode/extensions/.lonefy.vscode-js-css-html-formatter-0.2.3: lonefy.vscode-js-css-html-formatter
[2020-08-30 18:37:40.965] [sharedprocess] [info] Renamed to /home/gravity/.vscode/extensions/lonefy.vscode-js-css-html-formatter-0.2.3
[2020-08-30 18:37:40.967] [sharedprocess] [info] Installation completed. lonefy.vscode-js-css-html-formatter
[2020-08-30 18:37:40.972] [sharedprocess] [info] Extensions installed successfully: lonefy.vscode-js-css-html-formatter
[2020-08-30 18:37:40.987] [sharedprocess] [info] Downloaded extension: golang.go /home/gravity/.config/Code/CachedExtensionVSIXs/golang.go-0.16.1
[2020-08-30 18:37:41.007] [sharedprocess] [info] Downloaded extension: steoates.autoimport /home/gravity/.config/Code/CachedExtensionVSIXs/steoates.autoimport-1.5.3
[2020-08-30 18:37:41.140] [sharedprocess] [info] Downloaded extension: dart-code.dart-code /home/gravity/.config/Code/CachedExtensionVSIXs/dart-code.dart-code-3.13.2
[2020-08-30 18:37:41.185] [sharedprocess] [info] Downloaded extension: eserozvataf.one-dark-pro-monokai-darker /home/gravity/.config/Code/CachedExtensionVSIXs/eserozvataf.one-dark-pro-monokai-darker-1.1.0
[2020-08-30 18:37:41.200] [sharedprocess] [info] Downloaded extension: jeff-hykin.better-cpp-syntax /home/gravity/.config/Code/CachedExtensionVSIXs/jeff-hykin.better-cpp-syntax-1.14.32
[2020-08-30 18:37:41.207] [sharedprocess] [info] Extracted extension to /home/gravity/.vscode/extensions/.formulahendry.code-runner-0.11.0: formulahendry.code-runner
[2020-08-30 18:37:41.207] [sharedprocess] [info] Renamed to /home/gravity/.vscode/extensions/formulahendry.code-runner-0.11.0
[2020-08-30 18:37:41.209] [sharedprocess] [info] Installation completed. formulahendry.code-runner
[2020-08-30 18:37:41.219] [sharedprocess] [info] Extensions installed successfully: formulahendry.code-runner
[2020-08-30 18:37:41.235] [sharedprocess] [info] Extracted extension to /home/gravity/.vscode/extensions/.golang.go-0.16.1: golang.go
[2020-08-30 18:37:41.235] [sharedprocess] [info] Renamed to /home/gravity/.vscode/extensions/golang.go-0.16.1
[2020-08-30 18:37:41.240] [sharedprocess] [info] Installation completed. golang.go
[2020-08-30 18:37:41.247] [sharedprocess] [info] Extensions installed successfully: golang.go
[2020-08-30 18:37:41.335] [sharedprocess] [info] Extracted extension to /home/gravity/.vscode/extensions/.eserozvataf.one-dark-pro-monokai-darker-1.1.0: eserozvataf.one-dark-pro-monokai-darker
[2020-08-30 18:37:41.336] [sharedprocess] [info] Renamed to /home/gravity/.vscode/extensions/eserozvataf.one-dark-pro-monokai-darker-1.1.0
[2020-08-30 18:37:41.338] [sharedprocess] [info] Installation completed. eserozvataf.one-dark-pro-monokai-darker
[2020-08-30 18:37:41.347] [sharedprocess] [info] Extensions installed successfully: eserozvataf.one-dark-pro-monokai-darker
[2020-08-30 18:37:41.456] [sharedprocess] [info] Extracted extension to /home/gravity/.vscode/extensions/.jeff-hykin.better-cpp-syntax-1.14.32: jeff-hykin.better-cpp-syntax
[2020-08-30 18:37:41.457] [sharedprocess] [info] Renamed to /home/gravity/.vscode/extensions/jeff-hykin.better-cpp-syntax-1.14.32
[2020-08-30 18:37:41.460] [sharedprocess] [info] Installation completed. jeff-hykin.better-cpp-syntax
[2020-08-30 18:37:41.464] [sharedprocess] [info] Downloaded extension: ms-vscode.cpptools /home/gravity/.config/Code/CachedExtensionVSIXs/ms-vscode.cpptools-0.29.0
[2020-08-30 18:37:41.467] [sharedprocess] [info] Extensions installed successfully: jeff-hykin.better-cpp-syntax
[2020-08-30 18:37:41.693] [sharedprocess] [info] Extracted extension to /home/gravity/.vscode/extensions/.hookyqr.beautify-1.5.0: hookyqr.beautify
[2020-08-30 18:37:41.694] [sharedprocess] [info] Renamed to /home/gravity/.vscode/extensions/hookyqr.beautify-1.5.0
[2020-08-30 18:37:41.696] [sharedprocess] [info] Installation completed. hookyqr.beautify
[2020-08-30 18:37:41.704] [sharedprocess] [info] Extensions installed successfully: hookyqr.beautify
[2020-08-30 18:37:42.161] [sharedprocess] [info] Extracted extension to /home/gravity/.vscode/extensions/.ms-vscode.cpptools-0.29.0: ms-vscode.cpptools
[2020-08-30 18:37:42.161] [sharedprocess] [info] Renamed to /home/gravity/.vscode/extensions/ms-vscode.cpptools-0.29.0
[2020-08-30 18:37:42.163] [sharedprocess] [info] Installation completed. ms-vscode.cpptools
[2020-08-30 18:37:42.174] [sharedprocess] [info] Extensions installed successfully: ms-vscode.cpptools
[2020-08-30 18:37:42.361] [sharedprocess] [info] Extracted extension to /home/gravity/.vscode/extensions/.equinusocio.vsc-material-theme-icons-1.2.0: equinusocio.vsc-material-theme-icons
[2020-08-30 18:37:42.361] [sharedprocess] [info] Renamed to /home/gravity/.vscode/extensions/equinusocio.vsc-material-theme-icons-1.2.0
[2020-08-30 18:37:42.362] [sharedprocess] [info] Installation completed. equinusocio.vsc-material-theme-icons
[2020-08-30 18:37:42.369] [sharedprocess] [info] Extensions installed successfully: equinusocio.vsc-material-theme-icons
[2020-08-30 18:37:42.369] [sharedprocess] [info] Extensions installed successfully: equinusocio.vsc-material-theme
[2020-08-30 18:37:42.403] [sharedprocess] [info] Extracted extension to /home/gravity/.vscode/extensions/.helgardrichard.helium-icon-theme-1.0.0: helgardrichard.helium-icon-theme
[2020-08-30 18:37:42.403] [sharedprocess] [info] Renamed to /home/gravity/.vscode/extensions/helgardrichard.helium-icon-theme-1.0.0
[2020-08-30 18:37:42.406] [sharedprocess] [info] Installation completed. helgardrichard.helium-icon-theme
[2020-08-30 18:37:42.411] [sharedprocess] [info] Extensions installed successfully: helgardrichard.helium-icon-theme
[2020-08-30 18:37:42.530] [sharedprocess] [info] Extracted extension to /home/gravity/.vscode/extensions/.pkief.material-icon-theme-4.2.0: pkief.material-icon-theme
[2020-08-30 18:37:42.530] [sharedprocess] [info] Renamed to /home/gravity/.vscode/extensions/pkief.material-icon-theme-4.2.0
[2020-08-30 18:37:42.532] [sharedprocess] [info] Installation completed. pkief.material-icon-theme
[2020-08-30 18:37:42.538] [sharedprocess] [info] Extensions installed successfully: pkief.material-icon-theme
[2020-08-30 18:37:42.567] [sharedprocess] [info] Extracted extension to /home/gravity/.vscode/extensions/.ritwickdey.live-sass-3.0.0: ritwickdey.live-sass
[2020-08-30 18:37:42.568] [sharedprocess] [info] Renamed to /home/gravity/.vscode/extensions/ritwickdey.live-sass-3.0.0
[2020-08-30 18:37:42.569] [sharedprocess] [info] Installation completed. ritwickdey.live-sass
[2020-08-30 18:37:43.359] [sharedprocess] [info] Downloaded extension: kuanhulio.discord /home/gravity/.config/Code/CachedExtensionVSIXs/kuanhulio.discord-0.0.6
[2020-08-30 18:37:43.373] [sharedprocess] [info] Extracted extension to /home/gravity/.vscode/extensions/.ritwickdey.liveserver-5.6.1: ritwickdey.liveserver
[2020-08-30 18:37:43.373] [sharedprocess] [info] Renamed to /home/gravity/.vscode/extensions/ritwickdey.liveserver-5.6.1
[2020-08-30 18:37:43.374] [sharedprocess] [info] Installation completed. ritwickdey.liveserver
[2020-08-30 18:37:43.379] [sharedprocess] [info] Extensions installed successfully: ritwickdey.liveserver
[2020-08-30 18:37:43.380] [sharedprocess] [info] Extensions installed successfully: ritwickdey.live-sass
[2020-08-30 18:37:43.770] [sharedprocess] [info] Downloaded extension: apollographql.vscode-apollo /home/gravity/.config/Code/CachedExtensionVSIXs/apollographql.vscode-apollo-1.16.8
[2020-08-30 18:37:43.938] [sharedprocess] [info] Extracted extension to /home/gravity/.vscode/extensions/.steoates.autoimport-1.5.3: steoates.autoimport
[2020-08-30 18:37:43.938] [sharedprocess] [info] Renamed to /home/gravity/.vscode/extensions/steoates.autoimport-1.5.3
[2020-08-30 18:37:43.939] [sharedprocess] [info] Installation completed. steoates.autoimport
[2020-08-30 18:37:43.944] [sharedprocess] [info] Extensions installed successfully: steoates.autoimport
[2020-08-30 18:37:44.262] [sharedprocess] [info] Extracted extension to /home/gravity/.vscode/extensions/.dart-code.dart-code-3.13.2: dart-code.dart-code
[2020-08-30 18:37:44.262] [sharedprocess] [info] Renamed to /home/gravity/.vscode/extensions/dart-code.dart-code-3.13.2
[2020-08-30 18:37:44.264] [sharedprocess] [info] Installation completed. dart-code.dart-code
[2020-08-30 18:37:44.269] [sharedprocess] [info] Extensions installed successfully: dart-code.dart-code
[2020-08-30 18:37:44.271] [sharedprocess] [info] Extensions installed successfully: dart-code.flutter
[2020-08-30 18:37:44.612] [sharedprocess] [info] Downloaded extension: ms-vsliveshare.vsliveshare /home/gravity/.config/Code/CachedExtensionVSIXs/ms-vsliveshare.vsliveshare-1.0.2731
[2020-08-30 18:37:45.414] [sharedprocess] [info] Extracted extension to /home/gravity/.vscode/extensions/.ms-vsliveshare.vsliveshare-1.0.2731: ms-vsliveshare.vsliveshare
[2020-08-30 18:37:45.414] [sharedprocess] [info] Renamed to /home/gravity/.vscode/extensions/ms-vsliveshare.vsliveshare-1.0.2731
[2020-08-30 18:37:45.417] [sharedprocess] [info] Installation completed. ms-vsliveshare.vsliveshare
[2020-08-30 18:37:45.423] [sharedprocess] [info] Extracted extension to /home/gravity/.vscode/extensions/.kuanhulio.discord-0.0.6: kuanhulio.discord
[2020-08-30 18:37:45.423] [sharedprocess] [info] Renamed to /home/gravity/.vscode/extensions/kuanhulio.discord-0.0.6
[2020-08-30 18:37:45.423] [sharedprocess] [info] Installation completed. kuanhulio.discord
[2020-08-30 18:37:45.431] [sharedprocess] [info] Extensions installed successfully: ms-vsliveshare.vsliveshare
[2020-08-30 18:37:45.435] [sharedprocess] [info] Extensions installed successfully: kuanhulio.discord
[2020-08-30 18:37:46.608] [sharedprocess] [info] Extracted extension to /home/gravity/.vscode/extensions/.apollographql.vscode-apollo-1.16.8: apollographql.vscode-apollo
[2020-08-30 18:37:46.608] [sharedprocess] [info] Renamed to /home/gravity/.vscode/extensions/apollographql.vscode-apollo-1.16.8
[2020-08-30 18:37:46.608] [sharedprocess] [info] Installation completed. apollographql.vscode-apollo
[2020-08-30 18:37:46.613] [sharedprocess] [info] Extensions installed successfully: apollographql.vscode-apollo
[2020-08-30 18:37:48.146] [sharedprocess] [info] Downloaded extension: redhat.java /home/gravity/.config/Code/CachedExtensionVSIXs/redhat.java-0.65.0
[2020-08-30 18:37:48.609] [sharedprocess] [info] Extracted extension to /home/gravity/.vscode/extensions/.redhat.java-0.65.0: redhat.java
[2020-08-30 18:37:48.610] [sharedprocess] [info] Renamed to /home/gravity/.vscode/extensions/redhat.java-0.65.0
[2020-08-30 18:37:48.611] [sharedprocess] [info] Installation completed. redhat.java
[2020-08-30 18:37:48.617] [sharedprocess] [info] Extensions installed successfully: redhat.java
[2020-08-30 18:37:50.730] [sharedprocess] [info] Downloaded extension: ms-python.python /home/gravity/.config/Code/CachedExtensionVSIXs/ms-python.python-2020.8.105045
[2020-08-30 18:37:52.411] [sharedprocess] [info] Extracted extension to /home/gravity/.vscode/extensions/.ms-python.python-2020.8.105045: ms-python.python
[2020-08-30 18:37:52.411] [sharedprocess] [info] Renamed to /home/gravity/.vscode/extensions/ms-python.python-2020.8.105045
[2020-08-30 18:37:52.416] [sharedprocess] [info] Installation completed. ms-python.python
[2020-08-30 18:37:52.427] [sharedprocess] [info] Extensions installed successfully: ms-python.python
