Discord Presence activated!
Logging into RPC...
Successfully connected to Discord.
Sending activity to Discord.
Sending activity to Discord.
Sending activity to Discord.
Sending activity to Discord.
Sending activity to Discord.
Sending activity to Discord.
Sending activity to Discord.
Sending activity to Discord.
Sending activity to Discord.
Sending activity to Discord.
Sending activity to Discord.
Sending activity to Discord.
Sending activity to Discord.
Sending activity to Discord.
Sending activity to Discord.
Sending activity to Discord.
Error: connection closed
Error: ENOENT: no such file or directory, unlink '/home/gravity/.local/share/vsliveshare/cascade.json'
