[2020-08-30 18:39:36.166] [renderer1] [error] Cannot read property 'setViewVisible' of undefined: TypeError: Cannot read property 'setViewVisible' of undefined
    at O.setPanelHidden (file:///usr/share/code/resources/app/out/vs/workbench/workbench.desktop.main.js:6537:611)
    at Object.hidePart (file:///usr/share/code/resources/app/out/vs/workbench/workbench.desktop.main.js:6485:609)
    at _.resetActiveComposite (file:///usr/share/code/resources/app/out/vs/workbench/workbench.desktop.main.js:6352:609)
    at _.hideComposite (file:///usr/share/code/resources/app/out/vs/workbench/workbench.desktop.main.js:6351:529)
    at e.hideComposite (file:///usr/share/code/resources/app/out/vs/workbench/workbench.desktop.main.js:6490:467)
    at e.onDidChangeActiveViews (file:///usr/share/code/resources/app/out/vs/workbench/workbench.desktop.main.js:6489:321)
    at e.onDidRegisterPanels (file:///usr/share/code/resources/app/out/vs/workbench/workbench.desktop.main.js:6487:917)
    at file:///usr/share/code/resources/app/out/vs/workbench/workbench.desktop.main.js:6489:651
    at c.fire (file:///usr/share/code/resources/app/out/vs/workbench/workbench.desktop.main.js:95:801)
    at l.registerComposite (file:///usr/share/code/resources/app/out/vs/workbench/workbench.desktop.main.js:3041:72)
    at l.registerPanel (file:///usr/share/code/resources/app/out/vs/workbench/workbench.desktop.main.js:3989:225)
    at k.registerPanel (file:///usr/share/code/resources/app/out/vs/workbench/workbench.desktop.main.js:5855:310)
    at k.registerViewletOrPanel (file:///usr/share/code/resources/app/out/vs/workbench/workbench.desktop.main.js:5854:553)
    at k.onDidRegisterViewContainer (file:///usr/share/code/resources/app/out/vs/workbench/workbench.desktop.main.js:5848:114)
    at file:///usr/share/code/resources/app/out/vs/workbench/workbench.desktop.main.js:5845:671
    at Array.forEach (<anonymous>)
    at new k (file:///usr/share/code/resources/app/out/vs/workbench/workbench.desktop.main.js:5845:655)
    at d._createInstance (file:///usr/share/code/resources/app/out/vs/workbench/workbench.desktop.main.js:1661:888)
    at d._createServiceInstance (file:///usr/share/code/resources/app/out/vs/workbench/workbench.desktop.main.js:1663:874)
    at d._createServiceInstanceWithOwner (file:///usr/share/code/resources/app/out/vs/workbench/workbench.desktop.main.js:1663:399)
    at d._createAndCacheServiceInstance (file:///usr/share/code/resources/app/out/vs/workbench/workbench.desktop.main.js:1663:74)
    at d._getOrCreateServiceInstance (file:///usr/share/code/resources/app/out/vs/workbench/workbench.desktop.main.js:1662:381)
    at Object.get (file:///usr/share/code/resources/app/out/vs/workbench/workbench.desktop.main.js:1660:948)
    at O.initLayout (file:///usr/share/code/resources/app/out/vs/workbench/workbench.desktop.main.js:6512:220)
    at file:///usr/share/code/resources/app/out/vs/workbench/workbench.desktop.main.js:6590:210
    at d.invokeFunction (file:///usr/share/code/resources/app/out/vs/workbench/workbench.desktop.main.js:1660:817)
    at O.startup (file:///usr/share/code/resources/app/out/vs/workbench/workbench.desktop.main.js:6590:61)
    at q.open (file:///usr/share/code/resources/app/out/vs/workbench/workbench.desktop.main.js:7718:911)
[2020-08-30 18:39:38.293] [renderer1] [error] Cannot read property 'write' of null: TypeError: Cannot read property 'write' of null
    at IPCTransport.send (/home/gravity/.vscode/extensions/icrawl.discord-vscode-4.0.0/dist/extension.js:2:104777)
    at IPCTransport.close (/home/gravity/.vscode/extensions/icrawl.discord-vscode-4.0.0/dist/extension.js:2:104813)
    at RPCClient.destroy (/home/gravity/.vscode/extensions/icrawl.discord-vscode-4.0.0/dist/extension.js:2:102127)
    at RPCClient.dispose (/home/gravity/.vscode/extensions/icrawl.discord-vscode-4.0.0/dist/extension.js:2:89241)
    at activate (/home/gravity/.vscode/extensions/icrawl.discord-vscode-4.0.0/dist/extension.js:2:84674)
    at processTicksAndRejections (internal/process/task_queues.js:85:5)
