[2020-08-30 18:39:38.629] [userDataSync] [info] Using settings sync service https://vscode-sync.trafficmanager.net/
[2020-08-30 18:39:38.629] [userDataSync] [info] Auto Sync is enabled.
[2020-08-30 18:39:38.629] [userDataSync] [info] Auto Sync: Suspended until auth token is available.
[2020-08-30 18:39:38.656] [userDataSync] [info] Auto Sync: Started
[2020-08-30 18:39:38.656] [userDataSync] [info] Auto Sync: Triggered by Interval
[2020-08-30 18:39:44.426] [userDataSync] [info] Settings: No changes found during synchronizing settings.
[2020-08-30 18:39:44.460] [userDataSync] [info] Keybindings: No changes found during synchronizing keybindings.
[2020-08-30 18:39:44.472] [userDataSync] [info] Snippets: No changes found during synchronizing snippets.
[2020-08-30 18:39:44.479] [userDataSync] [info] GlobalState: No changes found during synchronizing ui state.
[2020-08-30 18:39:44.493] [userDataSync] [info] GlobalState: Updated last synchronized ui state
[2020-08-30 18:39:44.537] [userDataSync] [info] Extensions: No changes found during synchronizing extensions.
[2020-08-30 18:39:44.537] [userDataSync] [info] Sync done. Took 214ms
[2020-08-30 18:39:57.298] [userDataSync] [info] Auto Sync: Triggered by Activity
[2020-08-30 18:39:57.427] [userDataSync] [info] Settings: No changes found during synchronizing settings.
[2020-08-30 18:39:57.430] [userDataSync] [info] Keybindings: No changes found during synchronizing keybindings.
[2020-08-30 18:39:57.432] [userDataSync] [info] Snippets: No changes found during synchronizing snippets.
[2020-08-30 18:39:57.441] [userDataSync] [info] GlobalState: No changes found during synchronizing ui state.
[2020-08-30 18:39:57.507] [userDataSync] [info] Extensions: No changes found during synchronizing extensions.
[2020-08-30 18:39:57.508] [userDataSync] [info] Sync done. Took 101ms
[2020-08-30 18:40:28.277] [userDataSync] [info] Auto Sync: Stopped
