[2020-08-30 18:35:25.176] [exthost] [info] extension host started
[2020-08-30 18:35:25.197] [exthost] [info] ExtensionService#_doActivateExtension vscode.microsoft-authentication {"startup":false,"extensionId":{"value":"vscode.microsoft-authentication","_lower":"vscode.microsoft-authentication"},"activationEvent":"onAuthenticationRequest:microsoft"}
[2020-08-30 18:35:25.198] [exthost] [info] ExtensionService#loadCommonJSModule file:///usr/share/code/resources/app/extensions/microsoft-authentication/dist/extension.js
[2020-08-30 18:35:25.209] [exthost] [info] ExtensionService#_doActivateExtension vscode.github-authentication {"startup":false,"extensionId":{"value":"vscode.github-authentication","_lower":"vscode.github-authentication"},"activationEvent":"onAuthenticationRequest:github"}
[2020-08-30 18:35:25.209] [exthost] [info] ExtensionService#loadCommonJSModule file:///usr/share/code/resources/app/extensions/github-authentication/dist/extension.js
[2020-08-30 18:35:25.217] [exthost] [info] ExtensionService#_doActivateExtension vscode.debug-auto-launch {"startup":true,"extensionId":{"value":"vscode.debug-auto-launch","_lower":"vscode.debug-auto-launch"},"activationEvent":"*"}
[2020-08-30 18:35:25.217] [exthost] [info] ExtensionService#loadCommonJSModule file:///usr/share/code/resources/app/extensions/debug-auto-launch/dist/extension
[2020-08-30 18:35:25.218] [exthost] [info] ExtensionService#_doActivateExtension vscode.emmet {"startup":true,"extensionId":{"value":"vscode.emmet","_lower":"vscode.emmet"},"activationEvent":"*"}
[2020-08-30 18:35:25.218] [exthost] [info] ExtensionService#loadCommonJSModule file:///usr/share/code/resources/app/extensions/emmet/dist/node/emmetNodeMain
[2020-08-30 18:35:25.231] [exthost] [info] ExtensionService#_doActivateExtension vscode.git {"startup":true,"extensionId":{"value":"vscode.github","_lower":"vscode.github"},"activationEvent":"*"}
[2020-08-30 18:35:25.232] [exthost] [info] ExtensionService#loadCommonJSModule file:///usr/share/code/resources/app/extensions/git/dist/main
[2020-08-30 18:35:25.259] [exthost] [info] ExtensionService#_doActivateExtension vscode.merge-conflict {"startup":true,"extensionId":{"value":"vscode.merge-conflict","_lower":"vscode.merge-conflict"},"activationEvent":"*"}
[2020-08-30 18:35:25.259] [exthost] [info] ExtensionService#loadCommonJSModule file:///usr/share/code/resources/app/extensions/merge-conflict/dist/mergeConflictMain
[2020-08-30 18:35:25.261] [exthost] [info] ExtensionService#_doActivateExtension vscode.search-result {"startup":true,"extensionId":{"value":"vscode.search-result","_lower":"vscode.search-result"},"activationEvent":"*"}
[2020-08-30 18:35:25.261] [exthost] [info] ExtensionService#loadCommonJSModule file:///usr/share/code/resources/app/extensions/search-result/dist/extension.js
[2020-08-30 18:35:25.324] [exthost] [info] ExtensionService#_doActivateExtension vscode.github {"startup":true,"extensionId":{"value":"vscode.github","_lower":"vscode.github"},"activationEvent":"*"}
[2020-08-30 18:35:25.324] [exthost] [info] ExtensionService#loadCommonJSModule file:///usr/share/code/resources/app/extensions/github/dist/extension.js
[2020-08-30 18:35:25.329] [exthost] [info] eager extensions activated
[2020-08-30 18:35:31.221] [exthost] [info] ExtensionService#_doActivateExtension vscode.configuration-editing {"startup":false,"extensionId":{"value":"vscode.configuration-editing","_lower":"vscode.configuration-editing"},"activationEvent":"onLanguage:json"}
[2020-08-30 18:35:31.221] [exthost] [info] ExtensionService#loadCommonJSModule file:///usr/share/code/resources/app/extensions/configuration-editing/dist/configurationEditingMain
[2020-08-30 18:35:31.224] [exthost] [info] ExtensionService#_doActivateExtension vscode.extension-editing {"startup":false,"extensionId":{"value":"vscode.extension-editing","_lower":"vscode.extension-editing"},"activationEvent":"onLanguage:json"}
[2020-08-30 18:35:31.224] [exthost] [info] ExtensionService#loadCommonJSModule file:///usr/share/code/resources/app/extensions/extension-editing/dist/extensionEditingMain
[2020-08-30 18:35:31.233] [exthost] [info] ExtensionService#_doActivateExtension vscode.json-language-features {"startup":false,"extensionId":{"value":"vscode.json-language-features","_lower":"vscode.json-language-features"},"activationEvent":"onLanguage:json"}
[2020-08-30 18:35:31.233] [exthost] [info] ExtensionService#loadCommonJSModule file:///usr/share/code/resources/app/extensions/json-language-features/client/dist/node/jsonClientMain
[2020-08-30 18:35:31.258] [exthost] [info] ExtensionService#_doActivateExtension ms-vscode.js-debug {"startup":false,"extensionId":{"value":"ms-vscode.js-debug","_lower":"ms-vscode.js-debug"},"activationEvent":"onLanguage:json"}
[2020-08-30 18:35:31.259] [exthost] [info] ExtensionService#loadCommonJSModule file:///usr/share/code/resources/app/extensions/ms-vscode.js-debug/src/extension.js
[2020-08-30 18:35:31.489] [exthost] [info] ExtensionService#_doActivateExtension vscode.npm {"startup":false,"extensionId":{"value":"vscode.npm","_lower":"vscode.npm"},"activationEvent":"onLanguage:json"}
[2020-08-30 18:35:31.489] [exthost] [info] ExtensionService#loadCommonJSModule file:///usr/share/code/resources/app/extensions/npm/dist/npmMain
[2020-08-30 18:35:31.957] [exthost] [info] ExtensionService#_doActivateExtension Shan.code-settings-sync {"startup":false,"extensionId":{"value":"Shan.code-settings-sync","_lower":"shan.code-settings-sync"},"activationEvent":"*"}
[2020-08-30 18:35:31.957] [exthost] [info] ExtensionService#loadCommonJSModule file:///home/gravity/.vscode/extensions/shan.code-settings-sync-3.4.3/out/extension.js
[2020-08-30 18:37:39.687] [exthost] [info] ExtensionService#_doActivateExtension vscodevim.vim {"startup":false,"extensionId":{"value":"vscodevim.vim","_lower":"vscodevim.vim"},"activationEvent":"*"}
[2020-08-30 18:37:39.687] [exthost] [info] ExtensionService#loadCommonJSModule file:///home/gravity/.vscode/extensions/vscodevim.vim-1.16.0/out/extension
[2020-08-30 18:37:39.907] [exthost] [info] ExtensionService#_doActivateExtension esbenp.prettier-vscode {"startup":false,"extensionId":{"value":"esbenp.prettier-vscode","_lower":"esbenp.prettier-vscode"},"activationEvent":"*"}
[2020-08-30 18:37:39.907] [exthost] [info] ExtensionService#loadCommonJSModule file:///home/gravity/.vscode/extensions/esbenp.prettier-vscode-5.5.0/dist/extension
[2020-08-30 18:37:40.275] [exthost] [info] ExtensionService#_doActivateExtension aaron-bond.better-comments {"startup":false,"extensionId":{"value":"aaron-bond.better-comments","_lower":"aaron-bond.better-comments"},"activationEvent":"onLanguage:plaintext"}
[2020-08-30 18:37:40.275] [exthost] [info] ExtensionService#loadCommonJSModule file:///home/gravity/.vscode/extensions/aaron-bond.better-comments-2.1.0/out/extension
[2020-08-30 18:37:40.959] [exthost] [info] ExtensionService#_doActivateExtension monokai.theme-monokai-pro-vscode {"startup":false,"extensionId":{"value":"monokai.theme-monokai-pro-vscode","_lower":"monokai.theme-monokai-pro-vscode"},"activationEvent":"*"}
[2020-08-30 18:37:40.959] [exthost] [info] ExtensionService#loadCommonJSModule file:///home/gravity/.vscode/extensions/monokai.theme-monokai-pro-vscode-1.1.17/js/main
[2020-08-30 18:37:41.612] [exthost] [info] ExtensionService#_doActivateExtension zhuangtongfa.material-theme {"startup":false,"extensionId":{"value":"zhuangtongfa.material-theme","_lower":"zhuangtongfa.material-theme"},"activationEvent":"*"}
[2020-08-30 18:37:41.612] [exthost] [info] ExtensionService#loadCommonJSModule file:///home/gravity/.vscode/extensions/zhuangtongfa.material-theme-3.8.7/out/extension.js
[2020-08-30 18:37:41.643] [exthost] [info] ExtensionService#_doActivateExtension icrawl.discord-vscode {"startup":false,"extensionId":{"value":"icrawl.discord-vscode","_lower":"icrawl.discord-vscode"},"activationEvent":"*"}
[2020-08-30 18:37:41.643] [exthost] [info] ExtensionService#loadCommonJSModule file:///home/gravity/.vscode/extensions/icrawl.discord-vscode-4.0.0/dist/extension
[2020-08-30 18:37:41.764] [exthost] [info] ExtensionService#_doActivateExtension formulahendry.auto-close-tag {"startup":false,"extensionId":{"value":"formulahendry.auto-close-tag","_lower":"formulahendry.auto-close-tag"},"activationEvent":"*"}
[2020-08-30 18:37:41.764] [exthost] [info] ExtensionService#loadCommonJSModule file:///home/gravity/.vscode/extensions/formulahendry.auto-close-tag-0.5.8/out/src/extension
[2020-08-30 18:37:41.781] [exthost] [info] ExtensionService#_doActivateExtension formulahendry.auto-rename-tag {"startup":false,"extensionId":{"value":"formulahendry.auto-rename-tag","_lower":"formulahendry.auto-rename-tag"},"activationEvent":"*"}
[2020-08-30 18:37:41.781] [exthost] [info] ExtensionService#loadCommonJSModule file:///home/gravity/.vscode/extensions/formulahendry.auto-rename-tag-0.1.4/packages/extension/dist/extensionMain.js
[2020-08-30 18:37:42.275] [exthost] [info] ExtensionService#_doActivateExtension ms-vscode.cpptools {"startup":false,"extensionId":{"value":"ms-vscode.cpptools","_lower":"ms-vscode.cpptools"},"activationEvent":"*"}
[2020-08-30 18:37:42.275] [exthost] [info] ExtensionService#loadCommonJSModule file:///home/gravity/.vscode/extensions/ms-vscode.cpptools-0.29.0/dist/main
[2020-08-30 18:37:42.484] [exthost] [info] ExtensionService#_doActivateExtension equinusocio.vsc-material-theme-icons {"startup":false,"extensionId":{"value":"equinusocio.vsc-material-theme-icons","_lower":"equinusocio.vsc-material-theme-icons"},"activationEvent":"*"}
[2020-08-30 18:37:42.484] [exthost] [info] ExtensionService#loadCommonJSModule file:///home/gravity/.vscode/extensions/equinusocio.vsc-material-theme-icons-1.2.0/out/src/extension
[2020-08-30 18:37:42.521] [exthost] [info] ExtensionService#_doActivateExtension Equinusocio.vsc-material-theme {"startup":false,"extensionId":{"value":"Equinusocio.vsc-material-theme","_lower":"equinusocio.vsc-material-theme"},"activationEvent":"*"}
[2020-08-30 18:37:42.521] [exthost] [info] ExtensionService#loadCommonJSModule file:///home/gravity/.vscode/extensions/equinusocio.vsc-material-theme-32.8.0/build/material.theme.config
[2020-08-30 18:37:42.582] [exthost] [info] ExtensionService#_doActivateExtension helgardrichard.helium-icon-theme {"startup":false,"extensionId":{"value":"helgardrichard.helium-icon-theme","_lower":"helgardrichard.helium-icon-theme"},"activationEvent":"*"}
[2020-08-30 18:37:42.582] [exthost] [info] ExtensionService#loadCommonJSModule file:///home/gravity/.vscode/extensions/helgardrichard.helium-icon-theme-1.0.0/dist/extension
[2020-08-30 18:37:42.621] [exthost] [info] ExtensionService#_doActivateExtension PKief.material-icon-theme {"startup":false,"extensionId":{"value":"PKief.material-icon-theme","_lower":"pkief.material-icon-theme"},"activationEvent":"*"}
[2020-08-30 18:37:42.621] [exthost] [info] ExtensionService#loadCommonJSModule file:///home/gravity/.vscode/extensions/pkief.material-icon-theme-4.2.0/dist/extension
[2020-08-30 18:37:43.488] [exthost] [info] ExtensionService#_doActivateExtension ritwickdey.LiveServer {"startup":false,"extensionId":{"value":"ritwickdey.LiveServer","_lower":"ritwickdey.liveserver"},"activationEvent":"*"}
[2020-08-30 18:37:43.488] [exthost] [info] ExtensionService#loadCommonJSModule file:///home/gravity/.vscode/extensions/ritwickdey.liveserver-5.6.1/out/src/extension
[2020-08-30 18:37:45.576] [exthost] [info] ExtensionService#_doActivateExtension ms-vsliveshare.vsliveshare {"startup":false,"extensionId":{"value":"ms-vsliveshare.vsliveshare","_lower":"ms-vsliveshare.vsliveshare"},"activationEvent":"*"}
[2020-08-30 18:37:45.576] [exthost] [info] ExtensionService#loadCommonJSModule file:///home/gravity/.vscode/extensions/ms-vsliveshare.vsliveshare-1.0.2731/out/prod/extension-prod
